[debug] [2019-01-14T06:55:43.007Z] ----------------------------------------------------------------------
[debug] [2019-01-14T06:55:43.015Z] Command:       C:\Program Files\nodejs\node.exe C:\Users\Siva\AppData\Roaming\npm\node_modules\firebase-tools\lib\bin\firebase.js serve
[debug] [2019-01-14T06:55:43.015Z] CLI Version:   6.2.2
[debug] [2019-01-14T06:55:43.015Z] Platform:      win32
[debug] [2019-01-14T06:55:43.015Z] Node Version:  v11.6.0
[debug] [2019-01-14T06:55:43.017Z] Time:          Mon Jan 14 2019 12:25:43 GMT+0530 (GMT+05:30)
[debug] [2019-01-14T06:55:43.017Z] ----------------------------------------------------------------------
[debug] 
[debug] [2019-01-14T06:55:43.049Z] > command requires scopes: ["email","openid","https://www.googleapis.com/auth/cloudplatformprojects.readonly","https://www.googleapis.com/auth/firebase","https://www.googleapis.com/auth/cloud-platform"]
[debug] [2019-01-14T06:55:43.050Z] > authorizing via signed-in user
[debug] [2019-01-14T06:55:43.050Z] [iam] checking project ng-wiki-5e477 for permissions ["firebase.projects.get"]
[debug] [2019-01-14T06:55:43.056Z] >>> HTTP REQUEST POST https://cloudresourcemanager.googleapis.com/v1/projects/ng-wiki-5e477:testIamPermissions  

[debug] [2019-01-14T06:55:44.605Z] <<< HTTP RESPONSE 200
[debug] [2019-01-14T06:55:44.607Z] >>> HTTP REQUEST GET https://cloudresourcemanager.googleapis.com/v1/projects/ng-wiki-5e477  
 
[debug] [2019-01-14T06:55:46.041Z] <<< HTTP RESPONSE 200
[info] 
[info] === Serving from 'G:\Angular\ng-wiki'...
[info] 
[debug] [2019-01-14T06:55:46.047Z] >>> HTTP REQUEST GET https://mobilesdk-pa.googleapis.com/v1/projects/1081531413614/clients/_:getWebAppConfig  
 
[debug] [2019-01-14T06:55:46.490Z] <<< HTTP RESPONSE 200
[info] i  hosting: Serving hosting files from: dist/ng-wiki/
[info] +  hosting: Local server: http://localhost:5000
